<?xml version="1.0" encoding="UTF-8"?>
<coverage generated="1692014017859" clover="3.2.0">
  <project timestamp="1692014017859" name="All files">
    <metrics statements="28" coveredstatements="26" conditionals="4" coveredconditionals="2" methods="16" coveredmethods="14" elements="48" coveredelements="42" complexity="0" loc="28" ncloc="28" packages="2" files="4" classes="4"/>
    <package name="api">
      <metrics statements="2" coveredstatements="2" conditionals="0" coveredconditionals="0" methods="0" coveredmethods="0"/>
      <file name="Https.ts" path="/Users/bindiaundhia/RTIMovieDemo/src/api/Https.ts">
        <metrics statements="1" coveredstatements="1" conditionals="0" coveredconditionals="0" methods="0" coveredmethods="0"/>
        <line num="1" count="1" type="stmt"/>
      </file>
      <file name="MovieAPI.ts" path="/Users/bindiaundhia/RTIMovieDemo/src/api/MovieAPI.ts">
        <metrics statements="1" coveredstatements="1" conditionals="0" coveredconditionals="0" methods="0" coveredmethods="0"/>
        <line num="4" count="1" type="stmt"/>
      </file>
    </package>
    <package name="screens">
      <metrics statements="26" coveredstatements="24" conditionals="4" coveredconditionals="2" methods="16" coveredmethods="14"/>
      <file name="HomeScreen.tsx" path="/Users/bindiaundhia/RTIMovieDemo/src/screens/HomeScreen.tsx">
        <metrics statements="22" coveredstatements="20" conditionals="4" coveredconditionals="2" methods="14" coveredmethods="12"/>
        <line num="16" count="1" type="stmt"/>
        <line num="17" count="3" type="stmt"/>
        <line num="18" count="3" type="stmt"/>
        <line num="22" count="0" type="stmt"/>
        <line num="42" count="5" type="stmt"/>
        <line num="43" count="5" type="stmt"/>
        <line num="45" count="5" type="stmt"/>
        <line num="48" count="2" type="stmt"/>
        <line num="51" count="1" type="cond" truecount="1" falsecount="1"/>
        <line num="52" count="1" type="stmt"/>
        <line num="57" count="1" type="stmt"/>
        <line num="64" count="5" type="stmt"/>
        <line num="65" count="1" type="stmt"/>
        <line num="68" count="1" type="cond" truecount="1" falsecount="1"/>
        <line num="69" count="1" type="stmt"/>
        <line num="70" count="1" type="stmt"/>
        <line num="74" count="0" type="stmt"/>
        <line num="78" count="5" type="stmt"/>
        <line num="79" count="2" type="stmt"/>
        <line num="82" count="5" type="stmt"/>
        <line num="90" count="3" type="stmt"/>
        <line num="92" count="5" type="stmt"/>
      </file>
      <file name="MovieDetailsScreen.tsx" path="/Users/bindiaundhia/RTIMovieDemo/src/screens/MovieDetailsScreen.tsx">
        <metrics statements="4" coveredstatements="4" conditionals="0" coveredconditionals="0" methods="2" coveredmethods="2"/>
        <line num="15" count="3" type="stmt"/>
        <line num="17" count="3" type="stmt"/>
        <line num="70" count="6" type="stmt"/>
        <line num="86" count="1" type="stmt"/>
      </file>
    </package>
  </project>
</coverage>
