{"/Users/bindiaundhia/RTIMovieDemo/src/api/Https.ts": {"path":"/Users/bindiaundhia/RTIMovieDemo/src/api/Https.ts","statementMap":{"0":{"start":{"line":1,"column":23},"end":{"line":1,"column":56}}},"fnMap":{},"branchMap":{},"s":{"0":1},"f":{},"b":{},"_coverageSchema":"1a1c01bbd47fc00a2c39e90264f33305004495a9","hash":"a722cba641916f1901dfe77a5e7621697a2434c0"}
,"/Users/bindiaundhia/RTIMovieDemo/src/api/MovieAPI.ts": {"path":"/Users/bindiaundhia/RTIMovieDemo/src/api/MovieAPI.ts","statementMap":{"0":{"start":{"line":4,"column":22},"end":{"line":9,"column":2}}},"fnMap":{},"branchMap":{},"s":{"0":1},"f":{},"b":{},"_coverageSchema":"1a1c01bbd47fc00a2c39e90264f33305004495a9","hash":"4a66c4094cb7c1447444cdc600434d6686fe1b6b"}
,"/Users/bindiaundhia/RTIMovieDemo/src/screens/HomeScreen.tsx": {"path":"/Users/bindiaundhia/RTIMovieDemo/src/screens/HomeScreen.tsx","statementMap":{"0":{"start":{"line":16,"column":25},"end":{"line":39,"column":2}},"1":{"start":{"line":17,"column":26},"end":{"line":17,"column":58}},"2":{"start":{"line":18,"column":2},"end":{"line":38,"column":4}},"3":{"start":{"line":22,"column":10},"end":{"line":24,"column":12}},"4":{"start":{"line":42,"column":30},"end":{"line":42,"column":56}},"5":{"start":{"line":43,"column":26},"end":{"line":43,"column":37}},"6":{"start":{"line":45,"column":22},"end":{"line":59,"column":3}},"7":{"start":{"line":48,"column":4},"end":{"line":58,"column":9}},"8":{"start":{"line":51,"column":8},"end":{"line":54,"column":9}},"9":{"start":{"line":52,"column":10},"end":{"line":52,"column":43}},"10":{"start":{"line":57,"column":8},"end":{"line":57,"column":27}},"11":{"start":{"line":64,"column":26},"end":{"line":76,"column":12}},"12":{"start":{"line":65,"column":4},"end":{"line":75,"column":9}},"13":{"start":{"line":68,"column":8},"end":{"line":71,"column":9}},"14":{"start":{"line":69,"column":10},"end":{"line":69,"column":79}},"15":{"start":{"line":69,"column":36},"end":{"line":69,"column":77}},"16":{"start":{"line":70,"column":10},"end":{"line":70,"column":46}},"17":{"start":{"line":70,"column":32},"end":{"line":70,"column":44}},"18":{"start":{"line":74,"column":8},"end":{"line":74,"column":27}},"19":{"start":{"line":78,"column":2},"end":{"line":80,"column":9}},"20":{"start":{"line":79,"column":4},"end":{"line":79,"column":18}},"21":{"start":{"line":82,"column":2},"end":{"line":97,"column":4}},"22":{"start":{"line":90,"column":34},"end":{"line":90,"column":59}},"23":{"start":{"line":92,"column":32},"end":{"line":92,"column":50}}},"fnMap":{"0":{"name":"(anonymous_0)","decl":{"start":{"line":16,"column":30},"end":{"line":16,"column":31}},"loc":{"start":{"line":16,"column":66},"end":{"line":39,"column":1}},"line":16},"1":{"name":"(anonymous_1)","decl":{"start":{"line":21,"column":17},"end":{"line":21,"column":18}},"loc":{"start":{"line":22,"column":10},"end":{"line":24,"column":12}},"line":22},"2":{"name":"HomeScreen","decl":{"start":{"line":41,"column":24},"end":{"line":41,"column":34}},"loc":{"start":{"line":41,"column":51},"end":{"line":98,"column":1}},"line":41},"3":{"name":"(anonymous_3)","decl":{"start":{"line":45,"column":22},"end":{"line":45,"column":23}},"loc":{"start":{"line":45,"column":34},"end":{"line":59,"column":3}},"line":45},"4":{"name":"(anonymous_4)","decl":{"start":{"line":50,"column":12},"end":{"line":50,"column":13}},"loc":{"start":{"line":50,"column":26},"end":{"line":55,"column":7}},"line":50},"5":{"name":"(anonymous_5)","decl":{"start":{"line":56,"column":13},"end":{"line":56,"column":14}},"loc":{"start":{"line":56,"column":24},"end":{"line":58,"column":7}},"line":56},"6":{"name":"(anonymous_6)","decl":{"start":{"line":64,"column":38},"end":{"line":64,"column":39}},"loc":{"start":{"line":64,"column":44},"end":{"line":76,"column":3}},"line":64},"7":{"name":"(anonymous_7)","decl":{"start":{"line":67,"column":12},"end":{"line":67,"column":13}},"loc":{"start":{"line":67,"column":26},"end":{"line":72,"column":7}},"line":67},"8":{"name":"(anonymous_8)","decl":{"start":{"line":69,"column":20},"end":{"line":69,"column":21}},"loc":{"start":{"line":69,"column":36},"end":{"line":69,"column":77}},"line":69},"9":{"name":"(anonymous_9)","decl":{"start":{"line":70,"column":18},"end":{"line":70,"column":19}},"loc":{"start":{"line":70,"column":32},"end":{"line":70,"column":44}},"line":70},"10":{"name":"(anonymous_10)","decl":{"start":{"line":73,"column":13},"end":{"line":73,"column":14}},"loc":{"start":{"line":73,"column":24},"end":{"line":75,"column":7}},"line":73},"11":{"name":"(anonymous_11)","decl":{"start":{"line":78,"column":12},"end":{"line":78,"column":13}},"loc":{"start":{"line":78,"column":18},"end":{"line":80,"column":3}},"line":78},"12":{"name":"(anonymous_12)","decl":{"start":{"line":90,"column":20},"end":{"line":90,"column":21}},"loc":{"start":{"line":90,"column":34},"end":{"line":90,"column":59}},"line":90},"13":{"name":"(anonymous_13)","decl":{"start":{"line":92,"column":22},"end":{"line":92,"column":23}},"loc":{"start":{"line":92,"column":32},"end":{"line":92,"column":50}},"line":92}},"branchMap":{"0":{"loc":{"start":{"line":51,"column":8},"end":{"line":54,"column":9}},"type":"if","locations":[{"start":{"line":51,"column":8},"end":{"line":54,"column":9}},{"start":{"line":53,"column":15},"end":{"line":54,"column":9}}],"line":51},"1":{"loc":{"start":{"line":68,"column":8},"end":{"line":71,"column":9}},"type":"if","locations":[{"start":{"line":68,"column":8},"end":{"line":71,"column":9}},{"start":{},"end":{}}],"line":68}},"s":{"0":1,"1":3,"2":3,"3":0,"4":5,"5":5,"6":5,"7":2,"8":1,"9":1,"10":1,"11":5,"12":1,"13":1,"14":1,"15":1,"16":1,"17":1,"18":0,"19":5,"20":2,"21":5,"22":3,"23":5},"f":{"0":3,"1":0,"2":5,"3":2,"4":1,"5":1,"6":1,"7":1,"8":1,"9":1,"10":0,"11":2,"12":3,"13":5},"b":{"0":[1,0],"1":[1,0]},"_coverageSchema":"1a1c01bbd47fc00a2c39e90264f33305004495a9","hash":"dd2be4a9eb12e0102f6ddd8a554ba6a96dd3f938"}
,"/Users/bindiaundhia/RTIMovieDemo/src/screens/MovieDetailsScreen.tsx": {"path":"/Users/bindiaundhia/RTIMovieDemo/src/screens/MovieDetailsScreen.tsx","statementMap":{"0":{"start":{"line":15,"column":23},"end":{"line":15,"column":43}},"1":{"start":{"line":17,"column":2},"end":{"line":83,"column":4}},"2":{"start":{"line":70,"column":14},"end":{"line":77,"column":26}},"3":{"start":{"line":86,"column":15},"end":{"line":115,"column":2}}},"fnMap":{"0":{"name":"MovieDetailsScreen","decl":{"start":{"line":14,"column":24},"end":{"line":14,"column":42}},"loc":{"start":{"line":14,"column":54},"end":{"line":84,"column":1}},"line":14},"1":{"name":"(anonymous_1)","decl":{"start":{"line":69,"column":54},"end":{"line":69,"column":55}},"loc":{"start":{"line":70,"column":14},"end":{"line":77,"column":26}},"line":70}},"branchMap":{},"s":{"0":3,"1":3,"2":6,"3":1},"f":{"0":3,"1":6},"b":{},"_coverageSchema":"1a1c01bbd47fc00a2c39e90264f33305004495a9","hash":"4e784cd264458ecbffbc650c3d97b55e6563686b"}
}
