TN:
SF:src/api/Https.ts
FNF:0
FNH:0
DA:1,1
LF:1
LH:1
BRF:0
BRH:0
end_of_record
TN:
SF:src/api/MovieAPI.ts
FNF:0
FNH:0
DA:4,1
LF:1
LH:1
BRF:0
BRH:0
end_of_record
TN:
SF:src/screens/HomeScreen.tsx
FN:16,(anonymous_0)
FN:21,(anonymous_1)
FN:41,HomeScreen
FN:45,(anonymous_3)
FN:50,(anonymous_4)
FN:56,(anonymous_5)
FN:64,(anonymous_6)
FN:67,(anonymous_7)
FN:69,(anonymous_8)
FN:70,(anonymous_9)
FN:73,(anonymous_10)
FN:78,(anonymous_11)
FN:90,(anonymous_12)
FN:92,(anonymous_13)
FNF:14
FNH:12
FNDA:3,(anonymous_0)
FNDA:0,(anonymous_1)
FNDA:5,HomeScreen
FNDA:2,(anonymous_3)
FNDA:1,(anonymous_4)
FNDA:1,(anonymous_5)
FNDA:1,(anonymous_6)
FNDA:1,(anonymous_7)
FNDA:1,(anonymous_8)
FNDA:1,(anonymous_9)
FNDA:0,(anonymous_10)
FNDA:2,(anonymous_11)
FNDA:3,(anonymous_12)
FNDA:5,(anonymous_13)
DA:16,1
DA:17,3
DA:18,3
DA:22,0
DA:42,5
DA:43,5
DA:45,5
DA:48,2
DA:51,1
DA:52,1
DA:57,1
DA:64,5
DA:65,1
DA:68,1
DA:69,1
DA:70,1
DA:74,0
DA:78,5
DA:79,2
DA:82,5
DA:90,3
DA:92,5
LF:22
LH:20
BRDA:51,0,0,1
BRDA:51,0,1,0
BRDA:68,1,0,1
BRDA:68,1,1,0
BRF:4
BRH:2
end_of_record
TN:
SF:src/screens/MovieDetailsScreen.tsx
FN:14,MovieDetailsScreen
FN:69,(anonymous_1)
FNF:2
FNH:2
FNDA:3,MovieDetailsScreen
FNDA:6,(anonymous_1)
DA:15,3
DA:17,3
DA:70,6
DA:86,1
LF:4
LH:4
BRF:0
BRH:0
end_of_record
